<!DOCTYPE html>

<html>
  <head>
  <meta charset='utf-8'>
  <title>TestNG reports</title>

    <link type="text/css" href="testng-reports.css" rel="stylesheet" />
    <script type="text/javascript" src="jquery-1.7.1.min.js"></script>
    <script type="text/javascript" src="testng-reports.js"></script>
    <script type="text/javascript" src="https://www.google.com/jsapi"></script>
    <script type='text/javascript'>
      google.load('visualization', '1', {packages:['table']});
      google.setOnLoadCallback(drawTable);
      var suiteTableInitFunctions = new Array();
      var suiteTableData = new Array();
    </script>
    <!--
      <script type="text/javascript" src="jquery-ui/js/jquery-ui-1.8.16.custom.min.js"></script>
     -->
  </head>

  <body>
    <div class="top-banner-root">
      <span class="top-banner-title-font">Test results</span>
      <br/>
      <span class="top-banner-font-1">1 suite, 5 failed tests</span>
    </div> <!-- top-banner-root -->
    <div class="navigator-root">
      <div class="navigator-suite-header">
        <span>All suites</span>
        <a href="#" class="collapse-all-link" title="Collapse/expand all the suites">
          <img class="collapse-all-icon" src="collapseall.gif">
          </img> <!-- collapse-all-icon -->
        </a> <!-- collapse-all-link -->
      </div> <!-- navigator-suite-header -->
      <div class="suite">
        <div class="rounded-window">
          <div class="suite-header light-rounded-window-top">
            <a href="#" class="navigator-link" panel-name="suite-Default_suite">
              <span class="suite-name border-failed">Default suite</span>
            </a> <!-- navigator-link -->
          </div> <!-- suite-header light-rounded-window-top -->
          <div class="navigator-suite-content">
            <div class="suite-section-title">
              <span>Info</span>
            </div> <!-- suite-section-title -->
            <div class="suite-section-content">
              <ul>
                <li>
                  <a href="#" class="navigator-link " panel-name="test-xml-Default_suite">
                    <span>testng-customsuite.xml</span>
                  </a> <!-- navigator-link  -->
                </li>
                <li>
                  <a href="#" class="navigator-link " panel-name="testlist-Default_suite">
                    <span class="test-stats">1 test</span>
                  </a> <!-- navigator-link  -->
                </li>
                <li>
                  <a href="#" class="navigator-link " panel-name="group-Default_suite">
                    <span>0 groups</span>
                  </a> <!-- navigator-link  -->
                </li>
                <li>
                  <a href="#" class="navigator-link " panel-name="times-Default_suite">
                    <span>Times</span>
                  </a> <!-- navigator-link  -->
                </li>
                <li>
                  <a href="#" class="navigator-link " panel-name="reporter-Default_suite">
                    <span>Reporter output</span>
                  </a> <!-- navigator-link  -->
                </li>
                <li>
                  <a href="#" class="navigator-link " panel-name="ignored-methods-Default_suite">
                    <span>Ignored methods</span>
                  </a> <!-- navigator-link  -->
                </li>
                <li>
                  <a href="#" class="navigator-link " panel-name="chronological-Default_suite">
                    <span>Chronological view</span>
                  </a> <!-- navigator-link  -->
                </li>
              </ul>
            </div> <!-- suite-section-content -->
            <div class="result-section">
              <div class="suite-section-title">
                <span>Results</span>
              </div> <!-- suite-section-title -->
              <div class="suite-section-content">
                <ul>
                  <li>
                    <span class="method-stats">6 methods, 5 failed,   1 passed</span>
                  </li>
                  <li>
                    <span class="method-list-title failed">Failed methods</span>
                    <span class="show-or-hide-methods failed">
                      <a href="#" panel-name="suite-Default_suite" class="hide-methods failed suite-Default_suite"> (hide)</a> <!-- hide-methods failed suite-Default_suite -->
                      <a href="#" panel-name="suite-Default_suite" class="show-methods failed suite-Default_suite"> (show)</a> <!-- show-methods failed suite-Default_suite -->
                    </span>
                    <div class="method-list-content failed suite-Default_suite">
                      <span>
                        <img width="3%" src="failed.png"/>
                        <a href="#" class="method navigator-link" panel-name="suite-Default_suite" title="com.saucedemo.qa.testcases.LoginPageTest" hash-for-method="loginTest">loginTest</a> <!-- method navigator-link -->
                      </span>
                      <br/>
                      <span>
                        <img width="3%" src="failed.png"/>
                        <a href="#" class="method navigator-link" panel-name="suite-Default_suite" title="com.saucedemo.qa.util.NestedFrames" hash-for-method="nestedFramesHandling">nestedFramesHandling</a> <!-- method navigator-link -->
                      </span>
                      <br/>
                      <span>
                        <img width="3%" src="failed.png"/>
                        <a href="#" class="method navigator-link" panel-name="suite-Default_suite" title="com.saucedemo.qa.util.BootstrapDropboxHandling2EnhancedForLoop" hash-for-method="test">test</a> <!-- method navigator-link -->
                      </span>
                      <br/>
                      <span>
                        <img width="3%" src="failed.png"/>
                        <a href="#" class="method navigator-link" panel-name="suite-Default_suite" title="com.saucedemo.qa.util.BootstrapDropboxHandling" hash-for-method="test">test</a> <!-- method navigator-link -->
                      </span>
                      <br/>
                      <span>
                        <img width="3%" src="failed.png"/>
                        <a href="#" class="method navigator-link" panel-name="suite-Default_suite" title="com.saucedemo.qa.util.BootstrapDropboxHandling2" hash-for-method="test">test</a> <!-- method navigator-link -->
                      </span>
                      <br/>
                    </div> <!-- method-list-content failed suite-Default_suite -->
                  </li>
                  <li>
                    <span class="method-list-title passed">Passed methods</span>
                    <span class="show-or-hide-methods passed">
                      <a href="#" panel-name="suite-Default_suite" class="hide-methods passed suite-Default_suite"> (hide)</a> <!-- hide-methods passed suite-Default_suite -->
                      <a href="#" panel-name="suite-Default_suite" class="show-methods passed suite-Default_suite"> (show)</a> <!-- show-methods passed suite-Default_suite -->
                    </span>
                    <div class="method-list-content passed suite-Default_suite">
                      <span>
                        <img width="3%" src="passed.png"/>
                        <a href="#" class="method navigator-link" panel-name="suite-Default_suite" title="com.saucedemo.qa.testcases.LoginPageTest" hash-for-method="loginPageTitleVerify">loginPageTitleVerify</a> <!-- method navigator-link -->
                      </span>
                      <br/>
                    </div> <!-- method-list-content passed suite-Default_suite -->
                  </li>
                </ul>
              </div> <!-- suite-section-content -->
            </div> <!-- result-section -->
          </div> <!-- navigator-suite-content -->
        </div> <!-- rounded-window -->
      </div> <!-- suite -->
    </div> <!-- navigator-root -->
    <div class="wrapper">
      <div class="main-panel-root">
        <div panel-name="suite-Default_suite" class="panel Default_suite">
          <div class="suite-Default_suite-class-failed">
            <div class="main-panel-header rounded-window-top">
              <img src="failed.png"/>
              <span class="class-name">com.saucedemo.qa.util.BootstrapDropboxHandling2EnhancedForLoop</span>
            </div> <!-- main-panel-header rounded-window-top -->
            <div class="main-panel-content rounded-window-bottom">
              <div class="method">
                <div class="method-content">
                  <a name="test">
                  </a> <!-- test -->
                  <span class="method-name">test</span>
                  <div class="stack-trace">java.lang.IllegalStateException: The driver executable does not exist: /Users/sapnamishra/Documents/WebDriver/chromedriver
	at com.google.common.base.Preconditions.checkState(Preconditions.java:585)
	at org.openqa.selenium.remote.service.DriverService.checkExecutable(DriverService.java:146)
	at org.openqa.selenium.remote.service.DriverService.findExecutable(DriverService.java:141)
	at org.openqa.selenium.chrome.ChromeDriverService.access$000(ChromeDriverService.java:35)
	at org.openqa.selenium.chrome.ChromeDriverService$Builder.findDefaultExecutable(ChromeDriverService.java:159)
	at org.openqa.selenium.remote.service.DriverService$Builder.build(DriverService.java:355)
	at org.openqa.selenium.chrome.ChromeDriverService.createDefaultService(ChromeDriverService.java:94)
	at org.openqa.selenium.chrome.ChromeDriver.&lt;init&gt;(ChromeDriver.java:123)
	at com.saucedemo.qa.util.BootstrapDropboxHandling2EnhancedForLoop.test(BootstrapDropboxHandling2EnhancedForLoop.java:18)
	at sun.reflect.NativeMethodAccessorImpl.invoke0(Native Method)
	at sun.reflect.NativeMethodAccessorImpl.invoke(NativeMethodAccessorImpl.java:62)
	at sun.reflect.DelegatingMethodAccessorImpl.invoke(DelegatingMethodAccessorImpl.java:43)
	at java.lang.reflect.Method.invoke(Method.java:498)
	at org.testng.internal.MethodInvocationHelper.invokeMethod(MethodInvocationHelper.java:124)
	at org.testng.internal.Invoker.invokeMethod(Invoker.java:583)
	at org.testng.internal.Invoker.invokeTestMethod(Invoker.java:719)
	at org.testng.internal.Invoker.invokeTestMethods(Invoker.java:989)
	at org.testng.internal.TestMethodWorker.invokeTestMethods(TestMethodWorker.java:125)
	at org.testng.internal.TestMethodWorker.run(TestMethodWorker.java:109)
	at org.testng.TestRunner.privateRun(TestRunner.java:648)
	at org.testng.TestRunner.run(TestRunner.java:505)
	at org.testng.SuiteRunner.runTest(SuiteRunner.java:455)
	at org.testng.SuiteRunner.runSequentially(SuiteRunner.java:450)
	at org.testng.SuiteRunner.privateRun(SuiteRunner.java:415)
	at org.testng.SuiteRunner.run(SuiteRunner.java:364)
	at org.testng.SuiteRunnerWorker.runSuite(SuiteRunnerWorker.java:52)
	at org.testng.SuiteRunnerWorker.run(SuiteRunnerWorker.java:84)
	at org.testng.TestNG.runSuitesSequentially(TestNG.java:1208)
	at org.testng.TestNG.runSuitesLocally(TestNG.java:1137)
	at org.testng.TestNG.runSuites(TestNG.java:1049)
	at org.testng.TestNG.run(TestNG.java:1017)
	at org.testng.remote.AbstractRemoteTestNG.run(AbstractRemoteTestNG.java:114)
	at org.testng.remote.RemoteTestNG.initAndRun(RemoteTestNG.java:251)
	at org.testng.remote.RemoteTestNG.main(RemoteTestNG.java:77)

</div> <!-- stack-trace -->
                </div> <!-- method-content -->
              </div> <!-- method -->
            </div> <!-- main-panel-content rounded-window-bottom -->
          </div> <!-- suite-Default_suite-class-failed -->
          <div class="suite-Default_suite-class-failed">
            <div class="main-panel-header rounded-window-top">
              <img src="failed.png"/>
              <span class="class-name">com.saucedemo.qa.util.BootstrapDropboxHandling</span>
            </div> <!-- main-panel-header rounded-window-top -->
            <div class="main-panel-content rounded-window-bottom">
              <div class="method">
                <div class="method-content">
                  <a name="test">
                  </a> <!-- test -->
                  <span class="method-name">test</span>
                  <div class="stack-trace">java.lang.IllegalStateException: The driver executable does not exist: /Users/sapnamishra/Documents/WebDriver/chromedriver
	at com.google.common.base.Preconditions.checkState(Preconditions.java:585)
	at org.openqa.selenium.remote.service.DriverService.checkExecutable(DriverService.java:146)
	at org.openqa.selenium.remote.service.DriverService.findExecutable(DriverService.java:141)
	at org.openqa.selenium.chrome.ChromeDriverService.access$000(ChromeDriverService.java:35)
	at org.openqa.selenium.chrome.ChromeDriverService$Builder.findDefaultExecutable(ChromeDriverService.java:159)
	at org.openqa.selenium.remote.service.DriverService$Builder.build(DriverService.java:355)
	at org.openqa.selenium.chrome.ChromeDriverService.createDefaultService(ChromeDriverService.java:94)
	at org.openqa.selenium.chrome.ChromeDriver.&lt;init&gt;(ChromeDriver.java:123)
	at com.saucedemo.qa.util.BootstrapDropboxHandling.test(BootstrapDropboxHandling.java:17)
	at sun.reflect.NativeMethodAccessorImpl.invoke0(Native Method)
	at sun.reflect.NativeMethodAccessorImpl.invoke(NativeMethodAccessorImpl.java:62)
	at sun.reflect.DelegatingMethodAccessorImpl.invoke(DelegatingMethodAccessorImpl.java:43)
	at java.lang.reflect.Method.invoke(Method.java:498)
	at org.testng.internal.MethodInvocationHelper.invokeMethod(MethodInvocationHelper.java:124)
	at org.testng.internal.Invoker.invokeMethod(Invoker.java:583)
	at org.testng.internal.Invoker.invokeTestMethod(Invoker.java:719)
	at org.testng.internal.Invoker.invokeTestMethods(Invoker.java:989)
	at org.testng.internal.TestMethodWorker.invokeTestMethods(TestMethodWorker.java:125)
	at org.testng.internal.TestMethodWorker.run(TestMethodWorker.java:109)
	at org.testng.TestRunner.privateRun(TestRunner.java:648)
	at org.testng.TestRunner.run(TestRunner.java:505)
	at org.testng.SuiteRunner.runTest(SuiteRunner.java:455)
	at org.testng.SuiteRunner.runSequentially(SuiteRunner.java:450)
	at org.testng.SuiteRunner.privateRun(SuiteRunner.java:415)
	at org.testng.SuiteRunner.run(SuiteRunner.java:364)
	at org.testng.SuiteRunnerWorker.runSuite(SuiteRunnerWorker.java:52)
	at org.testng.SuiteRunnerWorker.run(SuiteRunnerWorker.java:84)
	at org.testng.TestNG.runSuitesSequentially(TestNG.java:1208)
	at org.testng.TestNG.runSuitesLocally(TestNG.java:1137)
	at org.testng.TestNG.runSuites(TestNG.java:1049)
	at org.testng.TestNG.run(TestNG.java:1017)
	at org.testng.remote.AbstractRemoteTestNG.run(AbstractRemoteTestNG.java:114)
	at org.testng.remote.RemoteTestNG.initAndRun(RemoteTestNG.java:251)
	at org.testng.remote.RemoteTestNG.main(RemoteTestNG.java:77)

</div> <!-- stack-trace -->
                </div> <!-- method-content -->
              </div> <!-- method -->
            </div> <!-- main-panel-content rounded-window-bottom -->
          </div> <!-- suite-Default_suite-class-failed -->
          <div class="suite-Default_suite-class-failed">
            <div class="main-panel-header rounded-window-top">
              <img src="failed.png"/>
              <span class="class-name">com.saucedemo.qa.testcases.LoginPageTest</span>
            </div> <!-- main-panel-header rounded-window-top -->
            <div class="main-panel-content rounded-window-bottom">
              <div class="method">
                <div class="method-content">
                  <a name="loginTest">
                  </a> <!-- loginTest -->
                  <span class="method-name">loginTest</span>
                  <div class="stack-trace">org.openqa.selenium.NoSuchElementException: no such element: Unable to locate element: {&quot;method&quot;:&quot;xpath&quot;,&quot;selector&quot;:&quot;//input[@class=&apos;login-button&apos;]&quot;}
  (Session info: chrome=73.0.3683.103)
  (Driver info: chromedriver=2.46.628411 (3324f4c8be9ff2f70a05a30ebc72ffb013e1a71e),platform=Mac OS X 10.13.6 x86_64) (WARNING: The server did not provide any stacktrace information)
Command duration or timeout: 0 milliseconds
For documentation on this error, please visit: https://www.seleniumhq.org/exceptions/no_such_element.html
Build info: version: &apos;3.141.59&apos;, revision: &apos;e82be7d358&apos;, time: &apos;2018-11-14T08:17:03&apos;
System info: host: &apos;SBMAC0261.local&apos;, ip: &apos;fe80:0:0:0:87d:81e6:3f5d:97ab%en0&apos;, os.name: &apos;Mac OS X&apos;, os.arch: &apos;x86_64&apos;, os.version: &apos;10.13.6&apos;, java.version: &apos;1.8.0_91&apos;
Driver info: org.openqa.selenium.chrome.ChromeDriver
Capabilities {acceptInsecureCerts: false, acceptSslCerts: false, applicationCacheEnabled: false, browserConnectionEnabled: false, browserName: chrome, chrome: {chromedriverVersion: 2.46.628411 (3324f4c8be9ff2..., userDataDir: /var/folders/5t/bqng7zh538j...}, cssSelectorsEnabled: true, databaseEnabled: false, goog:chromeOptions: {debuggerAddress: localhost:50414}, handlesAlerts: true, hasTouchScreen: false, javascriptEnabled: true, locationContextEnabled: true, mobileEmulationEnabled: false, nativeEvents: true, networkConnectionEnabled: false, pageLoadStrategy: normal, platform: MAC, platformName: MAC, proxy: Proxy(), rotatable: false, setWindowRect: true, strictFileInteractability: false, takesHeapSnapshot: true, takesScreenshot: true, timeouts: {implicit: 0, pageLoad: 300000, script: 30000}, unexpectedAlertBehaviour: ignore, unhandledPromptBehavior: ignore, version: 73.0.3683.103, webStorageEnabled: true}
Session ID: 0868014c0613def6dbbe65ca929279cd
*** Element info: {Using=xpath, value=//input[@class=&apos;login-button&apos;]}
	at sun.reflect.NativeConstructorAccessorImpl.newInstance0(Native Method)
	at sun.reflect.NativeConstructorAccessorImpl.newInstance(NativeConstructorAccessorImpl.java:62)
	at sun.reflect.DelegatingConstructorAccessorImpl.newInstance(DelegatingConstructorAccessorImpl.java:45)
	at java.lang.reflect.Constructor.newInstance(Constructor.java:423)
	at org.openqa.selenium.remote.ErrorHandler.createThrowable(ErrorHandler.java:214)
	at org.openqa.selenium.remote.ErrorHandler.throwIfResponseFailed(ErrorHandler.java:166)
	at org.openqa.selenium.remote.http.JsonHttpResponseCodec.reconstructValue(JsonHttpResponseCodec.java:40)
	at org.openqa.selenium.remote.http.AbstractHttpResponseCodec.decode(AbstractHttpResponseCodec.java:80)
	at org.openqa.selenium.remote.http.AbstractHttpResponseCodec.decode(AbstractHttpResponseCodec.java:44)
	at org.openqa.selenium.remote.HttpCommandExecutor.execute(HttpCommandExecutor.java:158)
	at org.openqa.selenium.remote.service.DriverCommandExecutor.execute(DriverCommandExecutor.java:83)
	at org.openqa.selenium.remote.RemoteWebDriver.execute(RemoteWebDriver.java:552)
	at org.openqa.selenium.remote.RemoteWebDriver.findElement(RemoteWebDriver.java:323)
	at org.openqa.selenium.remote.RemoteWebDriver.findElementByXPath(RemoteWebDriver.java:428)
	at org.openqa.selenium.By$ByXPath.findElement(By.java:353)
	at org.openqa.selenium.remote.RemoteWebDriver.findElement(RemoteWebDriver.java:315)
	at org.openqa.selenium.support.pagefactory.DefaultElementLocator.findElement(DefaultElementLocator.java:69)
	at org.openqa.selenium.support.pagefactory.internal.LocatingElementHandler.invoke(LocatingElementHandler.java:38)
	at com.sun.proxy.$Proxy9.click(Unknown Source)
	at com.saucedemo.qa.pages.LoginPage.login(LoginPage.java:32)
	at com.saucedemo.qa.testcases.LoginPageTest.loginTest(LoginPageTest.java:34)
	at sun.reflect.NativeMethodAccessorImpl.invoke0(Native Method)
	at sun.reflect.NativeMethodAccessorImpl.invoke(NativeMethodAccessorImpl.java:62)
	at sun.reflect.DelegatingMethodAccessorImpl.invoke(DelegatingMethodAccessorImpl.java:43)
	at java.lang.reflect.Method.invoke(Method.java:498)
	at org.testng.internal.MethodInvocationHelper.invokeMethod(MethodInvocationHelper.java:124)
	at org.testng.internal.Invoker.invokeMethod(Invoker.java:583)
	at org.testng.internal.Invoker.invokeTestMethod(Invoker.java:719)
	at org.testng.internal.Invoker.invokeTestMethods(Invoker.java:989)
	at org.testng.internal.TestMethodWorker.invokeTestMethods(TestMethodWorker.java:125)
	at org.testng.internal.TestMethodWorker.run(TestMethodWorker.java:109)
	at org.testng.TestRunner.privateRun(TestRunner.java:648)
	at org.testng.TestRunner.run(TestRunner.java:505)
	at org.testng.SuiteRunner.runTest(SuiteRunner.java:455)
	at org.testng.SuiteRunner.runSequentially(SuiteRunner.java:450)
	at org.testng.SuiteRunner.privateRun(SuiteRunner.java:415)
	at org.testng.SuiteRunner.run(SuiteRunner.java:364)
	at org.testng.SuiteRunnerWorker.runSuite(SuiteRunnerWorker.java:52)
	at org.testng.SuiteRunnerWorker.run(SuiteRunnerWorker.java:84)
	at org.testng.TestNG.runSuitesSequentially(TestNG.java:1208)
	at org.testng.TestNG.runSuitesLocally(TestNG.java:1137)
	at org.testng.TestNG.runSuites(TestNG.java:1049)
	at org.testng.TestNG.run(TestNG.java:1017)
	at org.testng.remote.AbstractRemoteTestNG.run(AbstractRemoteTestNG.java:114)
	at org.testng.remote.RemoteTestNG.initAndRun(RemoteTestNG.java:251)
	at org.testng.remote.RemoteTestNG.main(RemoteTestNG.java:77)

</div> <!-- stack-trace -->
                  <em>
(Testcase 2: Verify user is able to login with valid credentials)                  </em>
                </div> <!-- method-content -->
              </div> <!-- method -->
            </div> <!-- main-panel-content rounded-window-bottom -->
          </div> <!-- suite-Default_suite-class-failed -->
          <div class="suite-Default_suite-class-failed">
            <div class="main-panel-header rounded-window-top">
              <img src="failed.png"/>
              <span class="class-name">com.saucedemo.qa.util.BootstrapDropboxHandling2</span>
            </div> <!-- main-panel-header rounded-window-top -->
            <div class="main-panel-content rounded-window-bottom">
              <div class="method">
                <div class="method-content">
                  <a name="test">
                  </a> <!-- test -->
                  <span class="method-name">test</span>
                  <div class="stack-trace">java.lang.IllegalStateException: The driver executable does not exist: /Users/sapnamishra/Documents/WebDriver/chromedriver
	at com.google.common.base.Preconditions.checkState(Preconditions.java:585)
	at org.openqa.selenium.remote.service.DriverService.checkExecutable(DriverService.java:146)
	at org.openqa.selenium.remote.service.DriverService.findExecutable(DriverService.java:141)
	at org.openqa.selenium.chrome.ChromeDriverService.access$000(ChromeDriverService.java:35)
	at org.openqa.selenium.chrome.ChromeDriverService$Builder.findDefaultExecutable(ChromeDriverService.java:159)
	at org.openqa.selenium.remote.service.DriverService$Builder.build(DriverService.java:355)
	at org.openqa.selenium.chrome.ChromeDriverService.createDefaultService(ChromeDriverService.java:94)
	at org.openqa.selenium.chrome.ChromeDriver.&lt;init&gt;(ChromeDriver.java:123)
	at com.saucedemo.qa.util.BootstrapDropboxHandling2.test(BootstrapDropboxHandling2.java:18)
	at sun.reflect.NativeMethodAccessorImpl.invoke0(Native Method)
	at sun.reflect.NativeMethodAccessorImpl.invoke(NativeMethodAccessorImpl.java:62)
	at sun.reflect.DelegatingMethodAccessorImpl.invoke(DelegatingMethodAccessorImpl.java:43)
	at java.lang.reflect.Method.invoke(Method.java:498)
	at org.testng.internal.MethodInvocationHelper.invokeMethod(MethodInvocationHelper.java:124)
	at org.testng.internal.Invoker.invokeMethod(Invoker.java:583)
	at org.testng.internal.Invoker.invokeTestMethod(Invoker.java:719)
	at org.testng.internal.Invoker.invokeTestMethods(Invoker.java:989)
	at org.testng.internal.TestMethodWorker.invokeTestMethods(TestMethodWorker.java:125)
	at org.testng.internal.TestMethodWorker.run(TestMethodWorker.java:109)
	at org.testng.TestRunner.privateRun(TestRunner.java:648)
	at org.testng.TestRunner.run(TestRunner.java:505)
	at org.testng.SuiteRunner.runTest(SuiteRunner.java:455)
	at org.testng.SuiteRunner.runSequentially(SuiteRunner.java:450)
	at org.testng.SuiteRunner.privateRun(SuiteRunner.java:415)
	at org.testng.SuiteRunner.run(SuiteRunner.java:364)
	at org.testng.SuiteRunnerWorker.runSuite(SuiteRunnerWorker.java:52)
	at org.testng.SuiteRunnerWorker.run(SuiteRunnerWorker.java:84)
	at org.testng.TestNG.runSuitesSequentially(TestNG.java:1208)
	at org.testng.TestNG.runSuitesLocally(TestNG.java:1137)
	at org.testng.TestNG.runSuites(TestNG.java:1049)
	at org.testng.TestNG.run(TestNG.java:1017)
	at org.testng.remote.AbstractRemoteTestNG.run(AbstractRemoteTestNG.java:114)
	at org.testng.remote.RemoteTestNG.initAndRun(RemoteTestNG.java:251)
	at org.testng.remote.RemoteTestNG.main(RemoteTestNG.java:77)

</div> <!-- stack-trace -->
                </div> <!-- method-content -->
              </div> <!-- method -->
            </div> <!-- main-panel-content rounded-window-bottom -->
          </div> <!-- suite-Default_suite-class-failed -->
          <div class="suite-Default_suite-class-failed">
            <div class="main-panel-header rounded-window-top">
              <img src="failed.png"/>
              <span class="class-name">com.saucedemo.qa.util.NestedFrames</span>
            </div> <!-- main-panel-header rounded-window-top -->
            <div class="main-panel-content rounded-window-bottom">
              <div class="method">
                <div class="method-content">
                  <a name="nestedFramesHandling">
                  </a> <!-- nestedFramesHandling -->
                  <span class="method-name">nestedFramesHandling</span>
                  <div class="stack-trace">java.lang.IllegalStateException: The driver executable does not exist: /Users/sapnamishra/Documents/WebDriver/chromedriver
	at com.google.common.base.Preconditions.checkState(Preconditions.java:585)
	at org.openqa.selenium.remote.service.DriverService.checkExecutable(DriverService.java:146)
	at org.openqa.selenium.remote.service.DriverService.findExecutable(DriverService.java:141)
	at org.openqa.selenium.chrome.ChromeDriverService.access$000(ChromeDriverService.java:35)
	at org.openqa.selenium.chrome.ChromeDriverService$Builder.findDefaultExecutable(ChromeDriverService.java:159)
	at org.openqa.selenium.remote.service.DriverService$Builder.build(DriverService.java:355)
	at org.openqa.selenium.chrome.ChromeDriverService.createDefaultService(ChromeDriverService.java:94)
	at org.openqa.selenium.chrome.ChromeDriver.&lt;init&gt;(ChromeDriver.java:123)
	at com.saucedemo.qa.util.NestedFrames.nestedFramesHandling(NestedFrames.java:17)
	at sun.reflect.NativeMethodAccessorImpl.invoke0(Native Method)
	at sun.reflect.NativeMethodAccessorImpl.invoke(NativeMethodAccessorImpl.java:62)
	at sun.reflect.DelegatingMethodAccessorImpl.invoke(DelegatingMethodAccessorImpl.java:43)
	at java.lang.reflect.Method.invoke(Method.java:498)
	at org.testng.internal.MethodInvocationHelper.invokeMethod(MethodInvocationHelper.java:124)
	at org.testng.internal.Invoker.invokeMethod(Invoker.java:583)
	at org.testng.internal.Invoker.invokeTestMethod(Invoker.java:719)
	at org.testng.internal.Invoker.invokeTestMethods(Invoker.java:989)
	at org.testng.internal.TestMethodWorker.invokeTestMethods(TestMethodWorker.java:125)
	at org.testng.internal.TestMethodWorker.run(TestMethodWorker.java:109)
	at org.testng.TestRunner.privateRun(TestRunner.java:648)
	at org.testng.TestRunner.run(TestRunner.java:505)
	at org.testng.SuiteRunner.runTest(SuiteRunner.java:455)
	at org.testng.SuiteRunner.runSequentially(SuiteRunner.java:450)
	at org.testng.SuiteRunner.privateRun(SuiteRunner.java:415)
	at org.testng.SuiteRunner.run(SuiteRunner.java:364)
	at org.testng.SuiteRunnerWorker.runSuite(SuiteRunnerWorker.java:52)
	at org.testng.SuiteRunnerWorker.run(SuiteRunnerWorker.java:84)
	at org.testng.TestNG.runSuitesSequentially(TestNG.java:1208)
	at org.testng.TestNG.runSuitesLocally(TestNG.java:1137)
	at org.testng.TestNG.runSuites(TestNG.java:1049)
	at org.testng.TestNG.run(TestNG.java:1017)
	at org.testng.remote.AbstractRemoteTestNG.run(AbstractRemoteTestNG.java:114)
	at org.testng.remote.RemoteTestNG.initAndRun(RemoteTestNG.java:251)
	at org.testng.remote.RemoteTestNG.main(RemoteTestNG.java:77)

</div> <!-- stack-trace -->
                </div> <!-- method-content -->
              </div> <!-- method -->
            </div> <!-- main-panel-content rounded-window-bottom -->
          </div> <!-- suite-Default_suite-class-failed -->
          <div class="suite-Default_suite-class-passed">
            <div class="main-panel-header rounded-window-top">
              <img src="passed.png"/>
              <span class="class-name">com.saucedemo.qa.testcases.LoginPageTest</span>
            </div> <!-- main-panel-header rounded-window-top -->
            <div class="main-panel-content rounded-window-bottom">
              <div class="method">
                <div class="method-content">
                  <a name="loginPageTitleVerify">
                  </a> <!-- loginPageTitleVerify -->
                  <span class="method-name">loginPageTitleVerify</span>
                  <em>
(Testcase 1: verify page title is correct or not)                  </em>
                </div> <!-- method-content -->
              </div> <!-- method -->
            </div> <!-- main-panel-content rounded-window-bottom -->
          </div> <!-- suite-Default_suite-class-passed -->
        </div> <!-- panel Default_suite -->
        <div panel-name="test-xml-Default_suite" class="panel">
          <div class="main-panel-header rounded-window-top">
            <span class="header-content">/private/var/folders/5t/bqng7zh538j47k6ktzqgmbn00000gn/T/testng-eclipse--146448878/testng-customsuite.xml</span>
          </div> <!-- main-panel-header rounded-window-top -->
          <div class="main-panel-content rounded-window-bottom">
            <pre>
&lt;?xml version=&quot;1.0&quot; encoding=&quot;UTF-8&quot;?&gt;
&lt;!DOCTYPE suite SYSTEM &quot;http://testng.org/testng-1.0.dtd&quot;&gt;
&lt;suite guice-stage=&quot;DEVELOPMENT&quot; name=&quot;Default suite&quot;&gt;
  &lt;test thread-count=&quot;5&quot; verbose=&quot;2&quot; name=&quot;Default test&quot;&gt;
    &lt;classes&gt;
      &lt;class name=&quot;com.saucedemo.qa.pages.InventoryPage&quot;/&gt;
      &lt;class name=&quot;com.saucedemo.qa.testcases.InventoryPageTest&quot;/&gt;
      &lt;class name=&quot;com.saucedemo.qa.util.TestUtil&quot;/&gt;
      &lt;class name=&quot;com.saucedemo.qa.pages.CartPage&quot;/&gt;
      &lt;class name=&quot;com.saucedemo.qa.pages.LoginPage&quot;/&gt;
      &lt;class name=&quot;com.saucedemo.qa.pages.CheckoutStep2Page&quot;/&gt;
      &lt;class name=&quot;com.saucedemo.qa.util.BootstrapDropboxHandling&quot;/&gt;
      &lt;class name=&quot;com.saucedemo.qa.util.NestedFrames&quot;/&gt;
      &lt;class name=&quot;com.saucedemo.qa.util.BootstrapDropboxHandling2EnhancedForLoop&quot;/&gt;
      &lt;class name=&quot;com.saucedemo.qa.testcases.CartPageTest&quot;/&gt;
      &lt;class name=&quot;com.saucedemo.qa.pages.ThankYouPage&quot;/&gt;
      &lt;class name=&quot;com.saucedemo.qa.testcases.LoginPageTest&quot;/&gt;
      &lt;class name=&quot;com.saucedemo.qa.pages.CheckoutStep1Page&quot;/&gt;
      &lt;class name=&quot;com.saucedemo.qa.util.BootstrapDropboxHandling2&quot;/&gt;
      &lt;class name=&quot;com.saucedemo.qa.base.TestBase&quot;/&gt;
    &lt;/classes&gt;
  &lt;/test&gt; &lt;!-- Default test --&gt;
&lt;/suite&gt; &lt;!-- Default suite --&gt;
            </pre>
          </div> <!-- main-panel-content rounded-window-bottom -->
        </div> <!-- panel -->
        <div panel-name="testlist-Default_suite" class="panel">
          <div class="main-panel-header rounded-window-top">
            <span class="header-content">Tests for Default suite</span>
          </div> <!-- main-panel-header rounded-window-top -->
          <div class="main-panel-content rounded-window-bottom">
            <ul>
              <li>
                <span class="test-name">Default test (15 classes)</span>
              </li>
            </ul>
          </div> <!-- main-panel-content rounded-window-bottom -->
        </div> <!-- panel -->
        <div panel-name="group-Default_suite" class="panel">
          <div class="main-panel-header rounded-window-top">
            <span class="header-content">Groups for Default suite</span>
          </div> <!-- main-panel-header rounded-window-top -->
          <div class="main-panel-content rounded-window-bottom">
          </div> <!-- main-panel-content rounded-window-bottom -->
        </div> <!-- panel -->
        <div panel-name="times-Default_suite" class="panel">
          <div class="main-panel-header rounded-window-top">
            <span class="header-content">Times for Default suite</span>
          </div> <!-- main-panel-header rounded-window-top -->
          <div class="main-panel-content rounded-window-bottom">
            <div class="times-div">
              <script type="text/javascript">
suiteTableInitFunctions.push('tableData_Default_suite');
function tableData_Default_suite() {
var data = new google.visualization.DataTable();
data.addColumn('number', 'Number');
data.addColumn('string', 'Method');
data.addColumn('string', 'Class');
data.addColumn('number', 'Time (ms)');
data.addRows(6);
data.setCell(0, 0, 0)
data.setCell(0, 1, 'loginTest')
data.setCell(0, 2, 'com.saucedemo.qa.testcases.LoginPageTest')
data.setCell(0, 3, 10357);
data.setCell(1, 0, 1)
data.setCell(1, 1, 'test')
data.setCell(1, 2, 'com.saucedemo.qa.util.BootstrapDropboxHandling')
data.setCell(1, 3, 90);
data.setCell(2, 0, 2)
data.setCell(2, 1, 'loginPageTitleVerify')
data.setCell(2, 2, 'com.saucedemo.qa.testcases.LoginPageTest')
data.setCell(2, 3, 15);
data.setCell(3, 0, 3)
data.setCell(3, 1, 'test')
data.setCell(3, 2, 'com.saucedemo.qa.util.BootstrapDropboxHandling2')
data.setCell(3, 3, 3);
data.setCell(4, 0, 4)
data.setCell(4, 1, 'nestedFramesHandling')
data.setCell(4, 2, 'com.saucedemo.qa.util.NestedFrames')
data.setCell(4, 3, 3);
data.setCell(5, 0, 5)
data.setCell(5, 1, 'test')
data.setCell(5, 2, 'com.saucedemo.qa.util.BootstrapDropboxHandling2EnhancedForLoop')
data.setCell(5, 3, 2);
window.suiteTableData['Default_suite']= { tableData: data, tableDiv: 'times-div-Default_suite'}
return data;
}
              </script>
              <span class="suite-total-time">Total running time: 10 seconds</span>
              <div id="times-div-Default_suite">
              </div> <!-- times-div-Default_suite -->
            </div> <!-- times-div -->
          </div> <!-- main-panel-content rounded-window-bottom -->
        </div> <!-- panel -->
        <div panel-name="reporter-Default_suite" class="panel">
          <div class="main-panel-header rounded-window-top">
            <span class="header-content">Reporter output for Default suite</span>
          </div> <!-- main-panel-header rounded-window-top -->
          <div class="main-panel-content rounded-window-bottom">
          </div> <!-- main-panel-content rounded-window-bottom -->
        </div> <!-- panel -->
        <div panel-name="ignored-methods-Default_suite" class="panel">
          <div class="main-panel-header rounded-window-top">
            <span class="header-content">0 ignored methods</span>
          </div> <!-- main-panel-header rounded-window-top -->
          <div class="main-panel-content rounded-window-bottom">
          </div> <!-- main-panel-content rounded-window-bottom -->
        </div> <!-- panel -->
        <div panel-name="chronological-Default_suite" class="panel">
          <div class="main-panel-header rounded-window-top">
            <span class="header-content">Methods in chronological order</span>
          </div> <!-- main-panel-header rounded-window-top -->
          <div class="main-panel-content rounded-window-bottom">
            <div class="chronological-class">
              <div class="chronological-class-name">com.saucedemo.qa.util.BootstrapDropboxHandling</div> <!-- chronological-class-name -->
              <div class="test-method">
                <img src="failed.png">
                </img>
                <span class="method-name">test</span>
                <span class="method-start">0 ms</span>
              </div> <!-- test-method -->
            </div> <!-- chronological-class -->
            <div class="chronological-class">
              <div class="chronological-class-name">com.saucedemo.qa.util.BootstrapDropboxHandling2</div> <!-- chronological-class-name -->
              <div class="test-method">
                <img src="failed.png">
                </img>
                <span class="method-name">test</span>
                <span class="method-start">98 ms</span>
              </div> <!-- test-method -->
            </div> <!-- chronological-class -->
            <div class="chronological-class">
              <div class="chronological-class-name">com.saucedemo.qa.util.NestedFrames</div> <!-- chronological-class-name -->
              <div class="test-method">
                <img src="failed.png">
                </img>
                <span class="method-name">nestedFramesHandling</span>
                <span class="method-start">106 ms</span>
              </div> <!-- test-method -->
            </div> <!-- chronological-class -->
            <div class="chronological-class">
              <div class="chronological-class-name">com.saucedemo.qa.util.BootstrapDropboxHandling2EnhancedForLoop</div> <!-- chronological-class-name -->
              <div class="test-method">
                <img src="failed.png">
                </img>
                <span class="method-name">test</span>
                <span class="method-start">113 ms</span>
              </div> <!-- test-method -->
            </div> <!-- chronological-class -->
            <div class="chronological-class">
              <div class="chronological-class-name">com.saucedemo.qa.testcases.LoginPageTest</div> <!-- chronological-class-name -->
              <div class="configuration-method before">
                <span class="method-name">setup</span>
                <span class="method-start">120 ms</span>
              </div> <!-- configuration-method before -->
              <div class="test-method">
                <span class="method-name">loginPageTitleVerify</span>
                <span class="method-start">7258 ms</span>
              </div> <!-- test-method -->
              <div class="configuration-method after">
                <span class="method-name">tearDown</span>
                <span class="method-start">7275 ms</span>
              </div> <!-- configuration-method after -->
              <div class="configuration-method before">
                <span class="method-name">setup</span>
                <span class="method-start">7390 ms</span>
              </div> <!-- configuration-method before -->
              <div class="test-method">
                <img src="failed.png">
                </img>
                <span class="method-name">loginTest</span>
                <span class="method-start">13723 ms</span>
              </div> <!-- test-method -->
              <div class="configuration-method after">
                <span class="method-name">tearDown</span>
                <span class="method-start">24084 ms</span>
              </div> <!-- configuration-method after -->
          </div> <!-- main-panel-content rounded-window-bottom -->
        </div> <!-- panel -->
      </div> <!-- main-panel-root -->
    </div> <!-- wrapper -->
  </body>
</html>
